Pépin le Bref:valeur=Pépin le Bref:periode=752-768
Adalbert Lothaire:valeur=Adalbert Lothaire:periode=954-986
Amoul roi de Germanie:valeur=Amoul roi de Germanie:periode=887-899
Bérenger I:valeur=Bérenger I:periode=888-924
Bérenger II:valeur=Bérenger II:periode=950-961
Boson roi de Provence:valeur=Boson roi de Provence:periode=879-887
Carloman:valeur=Carloman:periode=768-771
Carloman:valeur=Carloman:periode=879-884
Charlemagne:valeur=Charlemagne:periode=768-814
Charles de Provence:valeur=Charles de Provence:periode=876-880
Charles l'Enfant roi d'Aquitaine:valeur=Charles l'Enfant roi d'Aquitaine:periode=vers 860
Charles le Chauve:valeur=Charles le Chauve:periode=840-877
Charles le Gros:valeur=Charles le Gros:periode=884-887
Charles le Simple:valeur=Charles le Simple:periode=898-929
Conrad le Paciﬁque:valeur=Conrad le Paciﬁque:periode=937-993
Eudes:valeur=Eudes:periode=887-898
Gui de Spolète:valeur=Gui de Spolète:periode=891-894
Henri l'Oiseleur:valeur=Henri l'Oiseleur:periode=918-947
Hugues de Provence:valeur=Hugues de Provence:periode=926-947
Lambert empereur:valeur=Lambert empereur:periode=894-898
Lothaire d'Italie:valeur=Lothaire d'Italie:periode=931-950
Lothaire I:valeur=Lothaire I:periode=817-855
Lothaire II roi de Lorraine:valeur=Lothaire II roi de Lorraine:periode=855-869
Louis II le Bègue:valeur=Louis II le Bègue:periode=877-879
Louis II le Bègue roi d'Aquitaine:valeur=Louis II le Bègue roi d'Aquitaine:periode=867-877), de France (877-879
Louis III:valeur=Louis III:periode=879-882
Louis III:valeur=Louis III:periode=890-929
Louis IV d'Outre-Mer:valeur=Louis IV d'Outre-Mer:periode=936-954
Louis IV l'Enfant:valeur=Louis IV l'Enfant:periode=899-912
Louis l'Aveugle roi de Provence:valeur=Louis l'Aveugle roi de Provence:periode=890-929
Louis le Germanique:valeur=Louis le Germanique:periode=840-876
Louis le Germanique:valeur=Louis le Germanique:periode=870-876
Louis le Jeune:valeur=Louis le Jeune:periode=879-882
Louis le Pieux:valeur=Louis le Pieux:periode=814-840
Louis le Pieux roi d'Aquitaine:valeur=Louis le Pieux roi d'Aquitaine:periode=781-814
Louis V:valeur=Louis V:periode=986-987
Otton I:valeur=Otton I:periode=936-973) ou Otton II (973-983) (frappes germaniques pour mémoire
Pépin I roi d'Aquitaine:valeur=Pépin I roi d'Aquitaine:periode=817-838
Pépin II, roi d'Aquitaine:valeur=Pépin II, roi d'Aquitaine:periode=839-865
Raoul:valeur=Raoul:periode=923-936
Robert I:valeur=Robert I:periode=922-923
Rodolphe II roi de Bourgogne:valeur=Rodolphe II roi de Bourgogne:periode=922-926
Rodolphe III roi de Bourgogne:valeur=Rodolphe III roi de Bourgogne:periode=993-1032
Zwentibold:valeur=Zwentibold:periode=894-900
